<?xml version="1.0" encoding="UTF-8"?>
<testng-results ignored="0" total="1" passed="1" failed="0" skipped="0">
  <reporter-output>
  </reporter-output>
  <suite started-at="2022-07-21T00:45:22Z" name="Default suite" finished-at="2022-07-21T00:45:50Z" duration-ms="28476">
    <groups>
    </groups>
    <test started-at="2022-07-21T00:45:22Z" name="Default test" finished-at="2022-07-21T00:45:50Z" duration-ms="28476">
      <class name="loginTest.TC_03_Ejercicio1">
        <test-method is-config="true" signature="startWebDriver()[pri:0, instance:loginTest.TC_03_Ejercicio1@56ac5c80]" started-at="2022-07-20T21:45:22Z" name="startWebDriver" finished-at="2022-07-20T21:45:24Z" duration-ms="2199" status="PASS">
          <reporter-output>
          </reporter-output>
        </test-method> <!-- startWebDriver -->
        <test-method signature="TC_03()[pri:0, instance:loginTest.TC_03_Ejercicio1@56ac5c80]" started-at="2022-07-20T21:45:24Z" name="TC_03" finished-at="2022-07-20T21:45:50Z" duration-ms="26192" status="PASS">
          <reporter-output>
          </reporter-output>
        </test-method> <!-- TC_03 -->
        <test-method is-config="true" signature="closeDriver()[pri:0, instance:loginTest.TC_03_Ejercicio1@56ac5c80]" started-at="2022-07-20T21:45:50Z" name="closeDriver" finished-at="2022-07-20T21:45:50Z" duration-ms="77" status="PASS">
          <reporter-output>
          </reporter-output>
        </test-method> <!-- closeDriver -->
      </class> <!-- loginTest.TC_03_Ejercicio1 -->
    </test> <!-- Default test -->
  </suite> <!-- Default suite -->
</testng-results>
