<?xml version="1.0" encoding="UTF-8"?>
<testng-results ignored="0" total="1" passed="1" failed="0" skipped="0">
  <reporter-output>
  </reporter-output>
  <suite started-at="2022-07-02T12:55:40Z" name="Default suite" finished-at="2022-07-02T12:55:42Z" duration-ms="2226">
    <groups>
    </groups>
    <test started-at="2022-07-02T12:55:40Z" name="Default test" finished-at="2022-07-02T12:55:42Z" duration-ms="2226">
      <class name="testSel.SelTest">
        <test-method signature="f()[pri:0, instance:testSel.SelTest@59e32960]" started-at="2022-07-02T09:55:40Z" name="f" finished-at="2022-07-02T09:55:42Z" duration-ms="2218" status="PASS">
          <reporter-output>
          </reporter-output>
        </test-method> <!-- f -->
      </class> <!-- testSel.SelTest -->
    </test> <!-- Default test -->
  </suite> <!-- Default suite -->
</testng-results>
